<?xml version="1.0" encoding="UTF-8"?>
<!-- Generated by org.testng.reporters.JUnitReportReporter -->
<testsuite hostname="P7520" failures="0" tests="4" name="Test.LoginPageTest" time="95.507" errors="0" timestamp="2023-02-16T14:11:03 IST" skipped="0">
  <testcase classname="Test.LoginPageTest" name="verifyLogin" time="9.900"/>
  <system-out/>
  <testcase classname="Test.LoginPageTest" name="verifyInvalidLogin" time="10.025"/>
  <system-out/>
  <testcase classname="Test.LoginPageTest" name="verifyInvalidLogin" time="62.472"/>
  <system-out/>
  <testcase classname="Test.LoginPageTest" name="verifyInvalidLogin" time="13.110"/>
  <system-out/>
</testsuite> <!-- Test.LoginPageTest -->
