<?xml version="1.0" encoding="UTF-8"?>
<!-- Generated by org.testng.reporters.JUnitReportReporter -->
<testsuite hostname="P7520" failures="0" tests="4" name="Test.LoginPageTest" time="113.566" errors="0" timestamp="2023-02-16T14:21:12 IST" skipped="0">
  <testcase classname="Test.LoginPageTest" name="verifyInvalidLogin" time="27.468"/>
  <system-out/>
  <testcase classname="Test.LoginPageTest" name="verifyInvalidLogin" time="33.944"/>
  <system-out/>
  <testcase classname="Test.LoginPageTest" name="verifyInvalidLogin" time="22.794"/>
  <system-out/>
  <testcase classname="Test.LoginPageTest" name="verifyLogin" time="29.360"/>
  <system-out/>
</testsuite> <!-- Test.LoginPageTest -->
